This is pdfTeX, Version 3.141592653-2.6-1.40.28 (MiKTeX 25.12) (preloaded format=pdflatex 2026.5.6)  25 MAY 2026 17:00
entering extended mode
 restricted \write18 enabled.
 file:line:error style messages enabled.
 %&-line parsing enabled.
**"d:/Nico/Escritorio/Universidad/Semestre 1 2026/Estructura de datos/Tarea/Tarea 2/documentation/documentacion.tex"
(d:/Nico/Escritorio/Universidad/Semestre 1 2026/Estructura de datos/Tarea/Tarea 2/documentation/documentacion.tex
LaTeX2e <2025-11-01>
L3 programming layer <2025-12-24>
(D:\MikTeX\tex/latex/base\article.cls
Document Class: article 2025/01/22 v1.4n Standard LaTeX document class
(D:\MikTeX\tex/latex/base\size12.clo
File: size12.clo 2025/01/22 v1.4n Standard LaTeX file (size option)
)
\c@part=\count275
\c@section=\count276
\c@subsection=\count277
\c@subsubsection=\count278
\c@paragraph=\count279
\c@subparagraph=\count280
\c@figure=\count281
\c@table=\count282
\abovecaptionskip=\skip49
\belowcaptionskip=\skip50
\bibindent=\dimen148
) (D:\MikTeX\tex/latex/base\inputenc.sty
Package: inputenc 2024/02/08 v1.3d Input encoding file
\inpenc@prehook=\toks17
\inpenc@posthook=\toks18
) (D:\MikTeX\tex/generic/babel\babel.sty
Package: babel 2025/12/11 v25.17 The multilingual framework for LuaLaTeX, pdfLaTeX and XeLaTeX
\babel@savecnt=\count283
LaTeX Encoding Info:    Redeclaring text command \ij (encoding OT1) on input line 2068.
LaTeX Encoding Info:    Redeclaring text command \IJ (encoding OT1) on input line 2070.
LaTeX Encoding Info:    Redeclaring text command \ij (encoding T1) on input line 2072.
LaTeX Encoding Info:    Redeclaring text command \IJ (encoding T1) on input line 2073.
LaTeX Encoding Info:    Ignoring declaration for text command \ij (encoding ?) on input line 2074.
LaTeX Encoding Info:    Ignoring declaration for text command \IJ (encoding ?) on input line 2076.
LaTeX Encoding Info:    Ignoring declaration for text command \SS (encoding ?) on input line 2101.
\U@D=\dimen149
\l@unhyphenated=\language79
 (D:\MikTeX\tex/generic/babel\txtbabel.def)
\bbl@readstream=\read2
\bbl@dirlevel=\count284
Package babel Info: Configuration files are deprecated, as
(babel)             they can break document portability.
(babel)             Reported on input line 4196.

*************************************
* Local config file bblopts.cfg used
*
(D:\MikTeX\tex/latex/arabi\bblopts.cfg
File: bblopts.cfg 2005/09/08 v0.1 add Arabic and Farsi to "declared" options of babel
) (D:\MikTeX\tex/generic/babel/locale/es\babel-spanish.tex)
Package babel Info: Importing font and identification data for spanish
(babel)             from babel-es.ini. Reported on input line 4320.
 (D:\MikTeX\tex/latex/babel-spanish\spanish.ldf
Language: spanish.ldf 2021/05/27 v5.0q Spanish support from the babel system
\es@quottoks=\toks19
\es@quotdepth=\count285
Package babel Info: Making " an active character on input line 570.
Package babel Info: Making . an active character on input line 675.
Package babel Info: Making < an active character on input line 722.
Package babel Info: Making > an active character on input line 722.
))
LaTeX Encoding Info:    Redeclaring text command \guillemotleft (encoding OT1) on input line 6.
LaTeX Encoding Info:    Redeclaring text command \guillemotright (encoding OT1) on input line 6.
 (D:\MikTeX\tex/latex/geometry\geometry.sty
Package: geometry 2026/03/07 v6.0 Page Geometry
 (D:\MikTeX\tex/latex/graphics\keyval.sty
Package: keyval 2022/05/29 v1.15 key=value parser (DPC)
\KV@toks@=\toks20
) (D:\MikTeX\tex/generic/iftex\ifvtex.sty
Package: ifvtex 2019/10/25 v1.7 ifvtex legacy package. Use iftex instead.
 (D:\MikTeX\tex/generic/iftex\iftex.sty
Package: iftex 2024/12/12 v1.0g TeX engine tests
))
\Gm@cnth=\count286
\Gm@cntv=\count287
\c@Gm@tempcnt=\count288
\Gm@bindingoffset=\dimen150
\Gm@wd@mp=\dimen151
\Gm@odd@mp=\dimen152
\Gm@even@mp=\dimen153
\Gm@layoutwidth=\dimen154
\Gm@layoutheight=\dimen155
\Gm@layouthoffset=\dimen156
\Gm@layoutvoffset=\dimen157
\Gm@dimlist=\toks21
 (D:\MikTeX\tex/latex/geometry\geometry.cfg)) (D:\MikTeX\tex/latex/graphics\graphicx.sty
Package: graphicx 2024/12/31 v1.2e Enhanced LaTeX Graphics (DPC,SPQR)
 (D:\MikTeX\tex/latex/graphics\graphics.sty
Package: graphics 2024/08/06 v1.4g Standard LaTeX Graphics (DPC,SPQR)
 (D:\MikTeX\tex/latex/graphics\trig.sty
Package: trig 2023/12/02 v1.11 sin cos tan (DPC)
) (D:\MikTeX\tex/latex/graphics-cfg\graphics.cfg
File: graphics.cfg 2016/06/04 v1.11 sample graphics configuration
)
Package graphics Info: Driver file: pdftex.def on input line 106.
 (D:\MikTeX\tex/latex/graphics-def\pdftex.def
File: pdftex.def 2025/09/29 v1.2d Graphics/color driver for pdftex
))
\Gin@req@height=\dimen158
\Gin@req@width=\dimen159
) (D:\MikTeX\tex/latex/listings\listings.sty
\lst@mode=\count289
\lst@gtempboxa=\box53
\lst@token=\toks22
\lst@length=\count290
\lst@currlwidth=\dimen160
\lst@column=\count291
\lst@pos=\count292
\lst@lostspace=\dimen161
\lst@width=\dimen162
\lst@newlines=\count293
\lst@lineno=\count294
\lst@maxwidth=\dimen163
 (D:\MikTeX\tex/latex/listings\lstpatch.sty
File: lstpatch.sty 2025/11/14 1.11b (Carsten Heinz)
) (D:\MikTeX\tex/latex/listings\lstmisc.sty
File: lstmisc.sty 2025/11/14 1.11b (Carsten Heinz)
\c@lstnumber=\count295
\lst@skipnumbers=\count296
\lst@framebox=\box54
) (D:\MikTeX\tex/latex/listings\listings.cfg
File: listings.cfg 2025/11/14 1.11b listings configuration
))
Package: listings 2025/11/14 1.11b (Carsten Heinz)

==> First Aid for listings.sty no longer applied!
    Expected:
        2024/09/23 1.10c (Carsten Heinz)
    but found:
        2025/11/14 1.11b (Carsten Heinz)
    so I'm assuming it got fixed.
(D:\MikTeX\tex/latex/xcolor\xcolor.sty
Package: xcolor 2024/09/29 v3.02 LaTeX color extensions (UK)
 (D:\MikTeX\tex/latex/graphics-cfg\color.cfg
File: color.cfg 2016/01/02 v1.6 sample color configuration
)
Package xcolor Info: Driver file: pdftex.def on input line 274.
 (D:\MikTeX\tex/latex/graphics\mathcolor.ltx)
Package xcolor Info: Model `cmy' substituted by `cmy0' on input line 1349.
Package xcolor Info: Model `hsb' substituted by `rgb' on input line 1353.
Package xcolor Info: Model `RGB' extended on input line 1365.
Package xcolor Info: Model `HTML' substituted by `rgb' on input line 1367.
Package xcolor Info: Model `Hsb' substituted by `hsb' on input line 1368.
Package xcolor Info: Model `tHsb' substituted by `hsb' on input line 1369.
Package xcolor Info: Model `HSB' substituted by `hsb' on input line 1370.
Package xcolor Info: Model `Gray' substituted by `gray' on input line 1371.
Package xcolor Info: Model `wave' substituted by `hsb' on input line 1372.
) (D:\MikTeX\tex/latex/hyperref\hyperref.sty
Package: hyperref 2025-07-12 v7.01o Hypertext links for LaTeX
 (D:\MikTeX\tex/latex/kvsetkeys\kvsetkeys.sty
Package: kvsetkeys 2022-10-05 v1.19 Key value parser (HO)
) (D:\MikTeX\tex/generic/kvdefinekeys\kvdefinekeys.sty
Package: kvdefinekeys 2019-12-19 v1.6 Define keys (HO)
) (D:\MikTeX\tex/generic/pdfescape\pdfescape.sty
Package: pdfescape 2019/12/09 v1.15 Implements pdfTeX's escape features (HO)
 (D:\MikTeX\tex/generic/ltxcmds\ltxcmds.sty
Package: ltxcmds 2023-12-04 v1.26 LaTeX kernel commands for general use (HO)
) (D:\MikTeX\tex/generic/pdftexcmds\pdftexcmds.sty
Package: pdftexcmds 2020-06-27 v0.33 Utility functions of pdfTeX for LuaTeX (HO)
 (D:\MikTeX\tex/generic/infwarerr\infwarerr.sty
Package: infwarerr 2019/12/03 v1.5 Providing info/warning/error messages (HO)
)
Package pdftexcmds Info: \pdf@primitive is available.
Package pdftexcmds Info: \pdf@ifprimitive is available.
Package pdftexcmds Info: \pdfdraftmode found.
)) (D:\MikTeX\tex/latex/hycolor\hycolor.sty
Package: hycolor 2020-01-27 v1.10 Color options for hyperref/bookmark (HO)
) (D:\MikTeX\tex/latex/hyperref\nameref.sty
Package: nameref 2025-06-21 v2.57 Cross-referencing by name of section
 (D:\MikTeX\tex/latex/refcount\refcount.sty
Package: refcount 2019/12/15 v3.6 Data extraction from label references (HO)
) (D:\MikTeX\tex/generic/gettitlestring\gettitlestring.sty
Package: gettitlestring 2019/12/15 v1.6 Cleanup title references (HO)
 (D:\MikTeX\tex/latex/kvoptions\kvoptions.sty
Package: kvoptions 2022-06-15 v3.15 Key value format for package options (HO)
))
\c@section@level=\count297
) (D:\MikTeX\tex/latex/etoolbox\etoolbox.sty
Package: etoolbox 2025/10/02 v2.5m e-TeX tools for LaTeX (JAW)
\etb@tempcnta=\count298
) (D:\MikTeX\tex/generic/stringenc\stringenc.sty
Package: stringenc 2019/11/29 v1.12 Convert strings between diff. encodings (HO)
)
\@linkdim=\dimen164
\Hy@linkcounter=\count299
\Hy@pagecounter=\count300
 (D:\MikTeX\tex/latex/hyperref\pd1enc.def
File: pd1enc.def 2025-07-12 v7.01o Hyperref: PDFDocEncoding definition (HO)
Now handling font encoding PD1 ...
... no UTF-8 mapping file for font encoding PD1
) (D:\MikTeX\tex/generic/intcalc\intcalc.sty
Package: intcalc 2019/12/15 v1.3 Expandable calculations with integers (HO)
)
\Hy@SavedSpaceFactor=\count301
 (D:\MikTeX\tex/latex/hyperref\puenc.def
File: puenc.def 2025-07-12 v7.01o Hyperref: PDF Unicode definition (HO)
Now handling font encoding PU ...
... no UTF-8 mapping file for font encoding PU
)
Package hyperref Info: Hyper figures OFF on input line 4195.
Package hyperref Info: Link nesting OFF on input line 4200.
Package hyperref Info: Hyper index ON on input line 4203.
Package hyperref Info: Plain pages OFF on input line 4210.
Package hyperref Info: Backreferencing OFF on input line 4215.
Package hyperref Info: Implicit mode ON; LaTeX internals redefined.
Package hyperref Info: Bookmarks ON on input line 4462.
\c@Hy@tempcnt=\count302
 (D:\MikTeX\tex/latex/url\url.sty
\Urlmuskip=\muskip17
Package: url 2013/09/16  ver 3.4  Verb mode for urls, etc.
)
LaTeX Info: Redefining \url on input line 4801.
\XeTeXLinkMargin=\dimen165
 (D:\MikTeX\tex/generic/bitset\bitset.sty
Package: bitset 2019/12/09 v1.3 Handle bit-vector datatype (HO)
 (D:\MikTeX\tex/generic/bigintcalc\bigintcalc.sty
Package: bigintcalc 2019/12/15 v1.5 Expandable calculations on big integers (HO)
))
\Fld@menulength=\count303
\Field@Width=\dimen166
\Fld@charsize=\dimen167
Package hyperref Info: Hyper figures OFF on input line 6078.
Package hyperref Info: Link nesting OFF on input line 6083.
Package hyperref Info: Hyper index ON on input line 6086.
Package hyperref Info: backreferencing OFF on input line 6093.
Package hyperref Info: Link coloring OFF on input line 6098.
Package hyperref Info: Link coloring with OCG OFF on input line 6103.
Package hyperref Info: PDF/A mode OFF on input line 6108.
\Hy@abspage=\count304
\c@Item=\count305
\c@Hfootnote=\count306
)
Package hyperref Info: Driver (autodetected): hpdftex.
 (D:\MikTeX\tex/latex/hyperref\hpdftex.def
File: hpdftex.def 2025-07-12 v7.01o Hyperref driver for pdfTeX
\Fld@listcount=\count307
\c@bookmark@seq@number=\count308
 (D:\MikTeX\tex/latex/rerunfilecheck\rerunfilecheck.sty
Package: rerunfilecheck 2025-06-21 v1.11 Rerun checks for auxiliary files (HO)
 (D:\MikTeX\tex/generic/uniquecounter\uniquecounter.sty
Package: uniquecounter 2019/12/15 v1.4 Provide unlimited unique counter (HO)
)
Package uniquecounter Info: New unique counter `rerunfilecheck' on input line 284.
)
\Hy@SectionHShift=\skip51
) (D:\MikTeX\tex/latex/amsmath\amsmath.sty
Package: amsmath 2025/07/09 v2.17z AMS math features
\@mathmargin=\skip52

For additional information on amsmath, use the `?' option.
(D:\MikTeX\tex/latex/amsmath\amstext.sty
Package: amstext 2024/11/17 v2.01 AMS text
 (D:\MikTeX\tex/latex/amsmath\amsgen.sty
File: amsgen.sty 1999/11/30 v2.0 generic functions
\@emptytoks=\toks23
\ex@=\dimen168
)) (D:\MikTeX\tex/latex/amsmath\amsbsy.sty
Package: amsbsy 1999/11/29 v1.2d Bold Symbols
\pmbraise@=\dimen169
) (D:\MikTeX\tex/latex/amsmath\amsopn.sty
Package: amsopn 2022/04/08 v2.04 operator names
)
\inf@bad=\count309
LaTeX Info: Redefining \frac on input line 233.
\uproot@=\count310
\leftroot@=\count311
LaTeX Info: Redefining \overline on input line 398.
LaTeX Info: Redefining \colon on input line 409.
\classnum@=\count312
\DOTSCASE@=\count313
LaTeX Info: Redefining \ldots on input line 495.
LaTeX Info: Redefining \dots on input line 498.
LaTeX Info: Redefining \cdots on input line 619.
\Mathstrutbox@=\box55
\strutbox@=\box56
LaTeX Info: Redefining \big on input line 721.
LaTeX Info: Redefining \Big on input line 722.
LaTeX Info: Redefining \bigg on input line 723.
LaTeX Info: Redefining \Bigg on input line 724.
\big@size=\dimen170
LaTeX Font Info:    Redeclaring font encoding OML on input line 742.
LaTeX Font Info:    Redeclaring font encoding OMS on input line 743.
\macc@depth=\count314
LaTeX Info: Redefining \bmod on input line 904.
LaTeX Info: Redefining \pmod on input line 909.
LaTeX Info: Redefining \smash on input line 939.
LaTeX Info: Redefining \relbar on input line 969.
LaTeX Info: Redefining \Relbar on input line 970.
\c@MaxMatrixCols=\count315
\dotsspace@=\muskip18
\c@parentequation=\count316
\dspbrk@lvl=\count317
\tag@help=\toks24
\row@=\count318
\column@=\count319
\maxfields@=\count320
\andhelp@=\toks25
\eqnshift@=\dimen171
\alignsep@=\dimen172
\tagshift@=\dimen173
\tagwidth@=\dimen174
\totwidth@=\dimen175
\lineht@=\dimen176
\@envbody=\toks26
\multlinegap=\skip53
\multlinetaggap=\skip54
\mathdisplay@stack=\toks27
LaTeX Info: Redefining \[ on input line 2950.
LaTeX Info: Redefining \] on input line 2951.
) (D:\MikTeX\tex/latex/titlesec\titlesec.sty
Package: titlesec 2025/01/04 v2.17 Sectioning titles
\ttl@box=\box57
\beforetitleunit=\skip55
\aftertitleunit=\skip56
\ttl@plus=\dimen177
\ttl@minus=\dimen178
\ttl@toksa=\toks28
\titlewidth=\dimen179
\titlewidthlast=\dimen180
\titlewidthfirst=\dimen181
) (D:\MikTeX\tex/latex/enumitem\enumitem.sty
Package: enumitem 2025/02/06 v3.11 Customized lists
\labelindent=\skip57
\enit@outerparindent=\dimen182
\enit@toks=\toks29
\enit@inbox=\box58
\enit@count@id=\count321
\enitdp@description=\count322
) (D:\MikTeX\tex/latex/booktabs\booktabs.sty
Package: booktabs 2020/01/12 v1.61803398 Publication quality tables
\heavyrulewidth=\dimen183
\lightrulewidth=\dimen184
\cmidrulewidth=\dimen185
\belowrulesep=\dimen186
\belowbottomsep=\dimen187
\aboverulesep=\dimen188
\abovetopsep=\dimen189
\cmidrulesep=\dimen190
\cmidrulekern=\dimen191
\defaultaddspace=\dimen192
\@cmidla=\count323
\@cmidlb=\count324
\@aboverulesep=\dimen193
\@belowrulesep=\dimen194
\@thisruleclass=\count325
\@lastruleclass=\count326
\@thisrulewidth=\dimen195
) (D:\MikTeX\tex/latex/parskip\parskip.sty
Package: parskip 2021-03-14 v2.0h non-zero parskip adjustments
) (D:\MikTeX\tex/latex/listings\lstlang1.sty
File: lstlang1.sty 2025/11/14 1.11b listings language file
) (D:\MikTeX\tex/latex/listings\lstlang1.sty
File: lstlang1.sty 2025/11/14 1.11b listings language file
) (D:\MikTeX\tex/latex/listings\lstmisc.sty
File: lstmisc.sty 2025/11/14 1.11b (Carsten Heinz)
) (D:\MikTeX\tex/latex/l3backend\l3backend-pdftex.def
File: l3backend-pdftex.def 2025-10-09 L3 backend support: PDF output (pdfTeX)
\l__color_backend_stack_int=\count327
) (documentacion.aux
LaTeX Info: Redefining \. on input line 11.
LaTeX Info: Redefining \% on input line 11.
Package babel Info: 'spanish' activates 'spanish' shorthands.
(babel)             Reported on input line 11.
)
\openout1 = `documentacion.aux'.

LaTeX Font Info:    Checking defaults for OML/cmm/m/it on input line 58.
LaTeX Font Info:    ... okay on input line 58.
LaTeX Font Info:    Checking defaults for OMS/cmsy/m/n on input line 58.
LaTeX Font Info:    ... okay on input line 58.
LaTeX Font Info:    Checking defaults for OT1/cmr/m/n on input line 58.
LaTeX Font Info:    ... okay on input line 58.
LaTeX Font Info:    Checking defaults for T1/cmr/m/n on input line 58.
LaTeX Font Info:    ... okay on input line 58.
LaTeX Font Info:    Checking defaults for TS1/cmr/m/n on input line 58.
LaTeX Font Info:    ... okay on input line 58.
LaTeX Font Info:    Checking defaults for OMX/cmex/m/n on input line 58.
LaTeX Font Info:    ... okay on input line 58.
LaTeX Font Info:    Checking defaults for U/cmr/m/n on input line 58.
LaTeX Font Info:    ... okay on input line 58.
LaTeX Font Info:    Checking defaults for PD1/pdf/m/n on input line 58.
LaTeX Font Info:    ... okay on input line 58.
LaTeX Font Info:    Checking defaults for PU/pdf/m/n on input line 58.
LaTeX Font Info:    ... okay on input line 58.
LaTeX Info: Redefining \. on input line 58.
LaTeX Info: Redefining \% on input line 58.

*geometry* driver: auto-detecting
*geometry* detected driver: pdftex
*geometry* verbose mode - [ preamble ] result:
* driver: pdftex
* paper: a4paper
* layout: <same size as paper>
* layoutoffset:(h,v)=(0.0pt,0.0pt)
* modes: 
* h-part:(L,W,R)=(71.13188pt, 455.24411pt, 71.13188pt)
* v-part:(T,H,B)=(71.13188pt, 702.78308pt, 71.13188pt)
* \paperwidth=597.50787pt
* \paperheight=845.04684pt
* \textwidth=455.24411pt
* \textheight=702.78308pt
* \oddsidemargin=-1.1381pt
* \evensidemargin=-1.1381pt
* \topmargin=-38.1381pt
* \headheight=12.0pt
* \headsep=25.0pt
* \topskip=12.0pt
* \footskip=30.0pt
* \marginparwidth=35.0pt
* \marginparsep=10.0pt
* \columnsep=10.0pt
* \skip\footins=10.8pt plus 4.0pt minus 2.0pt
* \hoffset=0.0pt
* \voffset=0.0pt
* \mag=1000
* \@twocolumnfalse
* \@twosidefalse
* \@mparswitchfalse
* \@reversemarginfalse
* (1in=72.27pt=25.4mm, 1cm=28.453pt)

(D:\MikTeX\tex/context/base/mkii\supp-pdf.mkii
[Loading MPS to PDF converter (version 2006.09.02).]
\scratchcounter=\count328
\scratchdimen=\dimen196
\scratchbox=\box59
\nofMPsegments=\count329
\nofMParguments=\count330
\everyMPshowfont=\toks30
\MPscratchCnt=\count331
\MPscratchDim=\dimen197
\MPnumerator=\count332
\makeMPintoPDFobject=\count333
\everyMPtoPDFconversion=\toks31
) (D:\MikTeX\tex/latex/epstopdf-pkg\epstopdf-base.sty
Package: epstopdf-base 2020-01-24 v2.11 Base part for package epstopdf
Package epstopdf-base Info: Redefining graphics rule for `.eps' on input line 485.
 (D:\MikTeX\tex/latex/00miktex\epstopdf-sys.cfg
File: epstopdf-sys.cfg 2021/03/18 v2.0 Configuration of epstopdf for MiKTeX
))
\c@lstlisting=\count334
Package hyperref Info: Link coloring OFF on input line 58.
 (documentacion.out) (documentacion.out)
\@outlinefile=\write3
\openout3 = `documentacion.out'.


Couldn't patch \ttl@straight@ii
Couldn't patch \ttl@straight@ii
(documentacion.toc
LaTeX Info: Redefining \. on input line 1.
LaTeX Info: Redefining \% on input line 1.
 [1

{C:/Users/nicol/AppData/Local/MiKTeX/fonts/map/pdftex/pdftex.map}])
\tf@toc=\write4
\openout4 = `documentacion.toc'.

 [2]

d:/Nico/Escritorio/Universidad/Semestre 1 2026/Estructura de datos/Tarea/Tarea 2/documentation/documentacion.tex:96: LaTeX Error: Unicode character â”ś (U+251C)
               not set up for use with LaTeX.

See the LaTeX manual or LaTeX Companion for explanation.
Type  H <return>  for immediate help.
 ...                                              
                                                  
l.96 \end{verbatim}
                   
You may provide a definition with
\DeclareUnicodeCharacter 


d:/Nico/Escritorio/Universidad/Semestre 1 2026/Estructura de datos/Tarea/Tarea 2/documentation/documentacion.tex:96: LaTeX Error: Unicode character â”€ (U+2500)
               not set up for use with LaTeX.

See the LaTeX manual or LaTeX Companion for explanation.
Type  H <return>  for immediate help.
 ...                                              
                                                  
l.96 \end{verbatim}
                   
You may provide a definition with
\DeclareUnicodeCharacter 


d:/Nico/Escritorio/Universidad/Semestre 1 2026/Estructura de datos/Tarea/Tarea 2/documentation/documentacion.tex:96: LaTeX Error: Unicode character â”€ (U+2500)
               not set up for use with LaTeX.

See the LaTeX manual or LaTeX Companion for explanation.
Type  H <return>  for immediate help.
 ...                                              
                                                  
l.96 \end{verbatim}
                   
You may provide a definition with
\DeclareUnicodeCharacter 


d:/Nico/Escritorio/Universidad/Semestre 1 2026/Estructura de datos/Tarea/Tarea 2/documentation/documentacion.tex:96: LaTeX Error: Unicode character â”ś (U+251C)
               not set up for use with LaTeX.

See the LaTeX manual or LaTeX Companion for explanation.
Type  H <return>  for immediate help.
 ...                                              
                                                  
l.96 \end{verbatim}
                   
You may provide a definition with
\DeclareUnicodeCharacter 


d:/Nico/Escritorio/Universidad/Semestre 1 2026/Estructura de datos/Tarea/Tarea 2/documentation/documentacion.tex:96: LaTeX Error: Unicode character â”€ (U+2500)
               not set up for use with LaTeX.

See the LaTeX manual or LaTeX Companion for explanation.
Type  H <return>  for immediate help.
 ...                                              
                                                  
l.96 \end{verbatim}
                   
You may provide a definition with
\DeclareUnicodeCharacter 


d:/Nico/Escritorio/Universidad/Semestre 1 2026/Estructura de datos/Tarea/Tarea 2/documentation/documentacion.tex:96: LaTeX Error: Unicode character â”€ (U+2500)
               not set up for use with LaTeX.

See the LaTeX manual or LaTeX Companion for explanation.
Type  H <return>  for immediate help.
 ...                                              
                                                  
l.96 \end{verbatim}
                   
You may provide a definition with
\DeclareUnicodeCharacter 


d:/Nico/Escritorio/Universidad/Semestre 1 2026/Estructura de datos/Tarea/Tarea 2/documentation/documentacion.tex:96: LaTeX Error: Unicode character â”ś (U+251C)
               not set up for use with LaTeX.

See the LaTeX manual or LaTeX Companion for explanation.
Type  H <return>  for immediate help.
 ...                                              
                                                  
l.96 \end{verbatim}
                   
You may provide a definition with
\DeclareUnicodeCharacter 


d:/Nico/Escritorio/Universidad/Semestre 1 2026/Estructura de datos/Tarea/Tarea 2/documentation/documentacion.tex:96: LaTeX Error: Unicode character â”€ (U+2500)
               not set up for use with LaTeX.

See the LaTeX manual or LaTeX Companion for explanation.
Type  H <return>  for immediate help.
 ...                                              
                                                  
l.96 \end{verbatim}
                   
You may provide a definition with
\DeclareUnicodeCharacter 


d:/Nico/Escritorio/Universidad/Semestre 1 2026/Estructura de datos/Tarea/Tarea 2/documentation/documentacion.tex:96: LaTeX Error: Unicode character â”€ (U+2500)
               not set up for use with LaTeX.

See the LaTeX manual or LaTeX Companion for explanation.
Type  H <return>  for immediate help.
 ...                                              
                                                  
l.96 \end{verbatim}
                   
You may provide a definition with
\DeclareUnicodeCharacter 


d:/Nico/Escritorio/Universidad/Semestre 1 2026/Estructura de datos/Tarea/Tarea 2/documentation/documentacion.tex:96: LaTeX Error: Unicode character â”ś (U+251C)
               not set up for use with LaTeX.

See the LaTeX manual or LaTeX Companion for explanation.
Type  H <return>  for immediate help.
 ...                                              
                                                  
l.96 \end{verbatim}
                   
You may provide a definition with
\DeclareUnicodeCharacter 


d:/Nico/Escritorio/Universidad/Semestre 1 2026/Estructura de datos/Tarea/Tarea 2/documentation/documentacion.tex:96: LaTeX Error: Unicode character â”€ (U+2500)
               not set up for use with LaTeX.

See the LaTeX manual or LaTeX Companion for explanation.
Type  H <return>  for immediate help.
 ...                                              
                                                  
l.96 \end{verbatim}
                   
You may provide a definition with
\DeclareUnicodeCharacter 


d:/Nico/Escritorio/Universidad/Semestre 1 2026/Estructura de datos/Tarea/Tarea 2/documentation/documentacion.tex:96: LaTeX Error: Unicode character â”€ (U+2500)
               not set up for use with LaTeX.

See the LaTeX manual or LaTeX Companion for explanation.
Type  H <return>  for immediate help.
 ...                                              
                                                  
l.96 \end{verbatim}
                   
You may provide a definition with
\DeclareUnicodeCharacter 


d:/Nico/Escritorio/Universidad/Semestre 1 2026/Estructura de datos/Tarea/Tarea 2/documentation/documentacion.tex:96: LaTeX Error: Unicode character â”‚ (U+2502)
               not set up for use with LaTeX.

See the LaTeX manual or LaTeX Companion for explanation.
Type  H <return>  for immediate help.
 ...                                              
                                                  
l.96 \end{verbatim}
                   
You may provide a definition with
\DeclareUnicodeCharacter 


d:/Nico/Escritorio/Universidad/Semestre 1 2026/Estructura de datos/Tarea/Tarea 2/documentation/documentacion.tex:96: LaTeX Error: Unicode character â”” (U+2514)
               not set up for use with LaTeX.

See the LaTeX manual or LaTeX Companion for explanation.
Type  H <return>  for immediate help.
 ...                                              
                                                  
l.96 \end{verbatim}
                   
You may provide a definition with
\DeclareUnicodeCharacter 


d:/Nico/Escritorio/Universidad/Semestre 1 2026/Estructura de datos/Tarea/Tarea 2/documentation/documentacion.tex:96: LaTeX Error: Unicode character â”€ (U+2500)
               not set up for use with LaTeX.

See the LaTeX manual or LaTeX Companion for explanation.
Type  H <return>  for immediate help.
 ...                                              
                                                  
l.96 \end{verbatim}
                   
You may provide a definition with
\DeclareUnicodeCharacter 


d:/Nico/Escritorio/Universidad/Semestre 1 2026/Estructura de datos/Tarea/Tarea 2/documentation/documentacion.tex:96: LaTeX Error: Unicode character â”€ (U+2500)
               not set up for use with LaTeX.

See the LaTeX manual or LaTeX Companion for explanation.
Type  H <return>  for immediate help.
 ...                                              
                                                  
l.96 \end{verbatim}
                   
You may provide a definition with
\DeclareUnicodeCharacter 


d:/Nico/Escritorio/Universidad/Semestre 1 2026/Estructura de datos/Tarea/Tarea 2/documentation/documentacion.tex:96: LaTeX Error: Unicode character â”” (U+2514)
               not set up for use with LaTeX.

See the LaTeX manual or LaTeX Companion for explanation.
Type  H <return>  for immediate help.
 ...                                              
                                                  
l.96 \end{verbatim}
                   
You may provide a definition with
\DeclareUnicodeCharacter 


d:/Nico/Escritorio/Universidad/Semestre 1 2026/Estructura de datos/Tarea/Tarea 2/documentation/documentacion.tex:96: LaTeX Error: Unicode character â”€ (U+2500)
               not set up for use with LaTeX.

See the LaTeX manual or LaTeX Companion for explanation.
Type  H <return>  for immediate help.
 ...                                              
                                                  
l.96 \end{verbatim}
                   
You may provide a definition with
\DeclareUnicodeCharacter 


d:/Nico/Escritorio/Universidad/Semestre 1 2026/Estructura de datos/Tarea/Tarea 2/documentation/documentacion.tex:96: LaTeX Error: Unicode character â”€ (U+2500)
               not set up for use with LaTeX.

See the LaTeX manual or LaTeX Companion for explanation.
Type  H <return>  for immediate help.
 ...                                              
                                                  
l.96 \end{verbatim}
                   
You may provide a definition with
\DeclareUnicodeCharacter 


d:/Nico/Escritorio/Universidad/Semestre 1 2026/Estructura de datos/Tarea/Tarea 2/documentation/documentacion.tex:96: LaTeX Error: Unicode character â”ś (U+251C)
               not set up for use with LaTeX.

See the LaTeX manual or LaTeX Companion for explanation.
Type  H <return>  for immediate help.
 ...                                              
                                                  
l.96 \end{verbatim}
                   
You may provide a definition with
\DeclareUnicodeCharacter 


d:/Nico/Escritorio/Universidad/Semestre 1 2026/Estructura de datos/Tarea/Tarea 2/documentation/documentacion.tex:96: LaTeX Error: Unicode character â”€ (U+2500)
               not set up for use with LaTeX.

See the LaTeX manual or LaTeX Companion for explanation.
Type  H <return>  for immediate help.
 ...                                              
                                                  
l.96 \end{verbatim}
                   
You may provide a definition with
\DeclareUnicodeCharacter 


d:/Nico/Escritorio/Universidad/Semestre 1 2026/Estructura de datos/Tarea/Tarea 2/documentation/documentacion.tex:96: LaTeX Error: Unicode character â”€ (U+2500)
               not set up for use with LaTeX.

See the LaTeX manual or LaTeX Companion for explanation.
Type  H <return>  for immediate help.
 ...                                              
                                                  
l.96 \end{verbatim}
                   
You may provide a definition with
\DeclareUnicodeCharacter 


d:/Nico/Escritorio/Universidad/Semestre 1 2026/Estructura de datos/Tarea/Tarea 2/documentation/documentacion.tex:96: LaTeX Error: Unicode character â”ś (U+251C)
               not set up for use with LaTeX.

See the LaTeX manual or LaTeX Companion for explanation.
Type  H <return>  for immediate help.
 ...                                              
                                                  
l.96 \end{verbatim}
                   
You may provide a definition with
\DeclareUnicodeCharacter 


d:/Nico/Escritorio/Universidad/Semestre 1 2026/Estructura de datos/Tarea/Tarea 2/documentation/documentacion.tex:96: LaTeX Error: Unicode character â”€ (U+2500)
               not set up for use with LaTeX.

See the LaTeX manual or LaTeX Companion for explanation.
Type  H <return>  for immediate help.
 ...                                              
                                                  
l.96 \end{verbatim}
                   
You may provide a definition with
\DeclareUnicodeCharacter 


d:/Nico/Escritorio/Universidad/Semestre 1 2026/Estructura de datos/Tarea/Tarea 2/documentation/documentacion.tex:96: LaTeX Error: Unicode character â”€ (U+2500)
               not set up for use with LaTeX.

See the LaTeX manual or LaTeX Companion for explanation.
Type  H <return>  for immediate help.
 ...                                              
                                                  
l.96 \end{verbatim}
                   
You may provide a definition with
\DeclareUnicodeCharacter 


d:/Nico/Escritorio/Universidad/Semestre 1 2026/Estructura de datos/Tarea/Tarea 2/documentation/documentacion.tex:96: LaTeX Error: Unicode character â”ś (U+251C)
               not set up for use with LaTeX.

See the LaTeX manual or LaTeX Companion for explanation.
Type  H <return>  for immediate help.
 ...                                              
                                                  
l.96 \end{verbatim}
                   
You may provide a definition with
\DeclareUnicodeCharacter 


d:/Nico/Escritorio/Universidad/Semestre 1 2026/Estructura de datos/Tarea/Tarea 2/documentation/documentacion.tex:96: LaTeX Error: Unicode character â”€ (U+2500)
               not set up for use with LaTeX.

See the LaTeX manual or LaTeX Companion for explanation.
Type  H <return>  for immediate help.
 ...                                              
                                                  
l.96 \end{verbatim}
                   
You may provide a definition with
\DeclareUnicodeCharacter 


d:/Nico/Escritorio/Universidad/Semestre 1 2026/Estructura de datos/Tarea/Tarea 2/documentation/documentacion.tex:96: LaTeX Error: Unicode character â”€ (U+2500)
               not set up for use with LaTeX.

See the LaTeX manual or LaTeX Companion for explanation.
Type  H <return>  for immediate help.
 ...                                              
                                                  
l.96 \end{verbatim}
                   
You may provide a definition with
\DeclareUnicodeCharacter 


Overfull \hbox (7.88112pt too wide) in paragraph at lines 96--96
[]     \OT1/cmtt/m/n/12 GeneralTree.h/.cpp  <- ^^Sarbol general con las tres funciones requeridas[] 
 []


d:/Nico/Escritorio/Universidad/Semestre 1 2026/Estructura de datos/Tarea/Tarea 2/documentation/documentacion.tex:96: LaTeX Error: Unicode character â”ś (U+251C)
               not set up for use with LaTeX.

See the LaTeX manual or LaTeX Companion for explanation.
Type  H <return>  for immediate help.
 ...                                              
                                                  
l.96 \end{verbatim}
                   
You may provide a definition with
\DeclareUnicodeCharacter 


d:/Nico/Escritorio/Universidad/Semestre 1 2026/Estructura de datos/Tarea/Tarea 2/documentation/documentacion.tex:96: LaTeX Error: Unicode character â”€ (U+2500)
               not set up for use with LaTeX.

See the LaTeX manual or LaTeX Companion for explanation.
Type  H <return>  for immediate help.
 ...                                              
                                                  
l.96 \end{verbatim}
                   
You may provide a definition with
\DeclareUnicodeCharacter 


d:/Nico/Escritorio/Universidad/Semestre 1 2026/Estructura de datos/Tarea/Tarea 2/documentation/documentacion.tex:96: LaTeX Error: Unicode character â”€ (U+2500)
               not set up for use with LaTeX.

See the LaTeX manual or LaTeX Companion for explanation.
Type  H <return>  for immediate help.
 ...                                              
                                                  
l.96 \end{verbatim}
                   
You may provide a definition with
\DeclareUnicodeCharacter 


d:/Nico/Escritorio/Universidad/Semestre 1 2026/Estructura de datos/Tarea/Tarea 2/documentation/documentacion.tex:96: LaTeX Error: Unicode character â”” (U+2514)
               not set up for use with LaTeX.

See the LaTeX manual or LaTeX Companion for explanation.
Type  H <return>  for immediate help.
 ...                                              
                                                  
l.96 \end{verbatim}
                   
You may provide a definition with
\DeclareUnicodeCharacter 


d:/Nico/Escritorio/Universidad/Semestre 1 2026/Estructura de datos/Tarea/Tarea 2/documentation/documentacion.tex:96: LaTeX Error: Unicode character â”€ (U+2500)
               not set up for use with LaTeX.

See the LaTeX manual or LaTeX Companion for explanation.
Type  H <return>  for immediate help.
 ...                                              
                                                  
l.96 \end{verbatim}
                   
You may provide a definition with
\DeclareUnicodeCharacter 


d:/Nico/Escritorio/Universidad/Semestre 1 2026/Estructura de datos/Tarea/Tarea 2/documentation/documentacion.tex:96: LaTeX Error: Unicode character â”€ (U+2500)
               not set up for use with LaTeX.

See the LaTeX manual or LaTeX Companion for explanation.
Type  H <return>  for immediate help.
 ...                                              
                                                  
l.96 \end{verbatim}
                   
You may provide a definition with
\DeclareUnicodeCharacter 

LaTeX Font Info:    Font shape `OT1/cmtt/bx/n' in size <10.95> not available
(Font)              Font shape `OT1/cmtt/m/n' tried instead on input line 108.
[3] [4]
Overfull \hbox (11.97357pt too wide) in paragraph at lines 186--188
[]\OT1/cmtt/m/n/12 XMLParser::loadDirectory() \OT1/cmr/m/n/12 ite-ra re-cur-si-va-men-te la car-pe-ta \OT1/cmtt/m/n/12 data/ \OT1/cmr/m/n/12 con \OT1/cmtt/m/n/12 std::filesystem
 []

[5] [6]

d:/Nico/Escritorio/Universidad/Semestre 1 2026/Estructura de datos/Tarea/Tarea 2/documentation/documentacion.tex:323: LaTeX Error: Invalid UTF-8 byte sequence (Ă\expandafter).

See the LaTeX manual or LaTeX Companion for explanation.
Type  H <return>  for immediate help.
 ...                                              
                                                  
l.323     // aĂ±o 
                  0 = no registrado; se trata como anterior
The document does not appear to be in UTF-8 encoding.
Try adding \UseRawInputEncoding as the first line of the file
or specify an encoding such as \usepackage [latin1]{inputenc}
in the document preamble.
Alternatively, save the file in UTF-8 using your editor or another tool


d:/Nico/Escritorio/Universidad/Semestre 1 2026/Estructura de datos/Tarea/Tarea 2/documentation/documentacion.tex:323: LaTeX Error: Invalid UTF-8 byte "B1.

See the LaTeX manual or LaTeX Companion for explanation.
Type  H <return>  for immediate help.
 ...                                              
                                                  
l.323     // aĂ±o 
                  0 = no registrado; se trata como anterior
The document does not appear to be in UTF-8 encoding.
Try adding \UseRawInputEncoding as the first line of the file
or specify an encoding such as \usepackage [latin1]{inputenc}
in the document preamble.
Alternatively, save the file in UTF-8 using your editor or another tool

[7] [8] [9] (documentacion.aux
LaTeX Info: Redefining \. on input line 11.
LaTeX Info: Redefining \% on input line 11.
)
 ***********
LaTeX2e <2025-11-01>
L3 programming layer <2025-12-24>
 ***********
Package rerunfilecheck Info: File `documentacion.out' has not changed.
(rerunfilecheck)             Checksum: D98964DA2157058B6B5FD9925A0F5E41;3073.
 ) 
Here is how much of TeX's memory you used:
 14374 strings out of 467871
 215875 string characters out of 5435212
 1065988 words of memory out of 5000000
 42959 multiletter control sequences out of 15000+600000
 635305 words of font info for 67 fonts, out of 8000000 for 9000
 1141 hyphenation exceptions out of 8191
 75i,9n,79p,1239b,2112s stack positions out of 10000i,1000n,20000p,200000b,200000s
<D:/MikTeX/fonts/type1/public/amsfonts/cm/cmbx12.pfb><D:/MikTeX/fonts/type1/public/amsfonts/cm/cmmi12.pfb><D:/MikTeX/fonts/type1/public/amsfonts/cm/cmr12.pfb><D:/MikTeX/fonts/type1/public/amsfonts/cm/cmr6.pfb><D:/MikTeX/fonts/type1/public/amsfonts/cm/cmsy10.pfb><D:/MikTeX/fonts/type1/public/amsfonts/cm/cmti12.pfb><D:/MikTeX/fonts/type1/public/amsfonts/cm/cmtt10.pfb><D:/MikTeX/fonts/type1/public/amsfonts/cm/cmtt12.pfb>
Output written on documentacion.pdf (9 pages, 164629 bytes).
PDF statistics:
 316 PDF objects out of 1000 (max. 8388607)
 133 named destinations out of 1000 (max. 500000)
 161 words of extra memory for PDF output out of 10000 (max. 10000000)

